Added Component: Designator=U1(STM-LQFP48_N)
Add component (AddParameter): Name = "A/D Converter"; Value = "2x12-bit (10 Channel)"; VariantName = "[No Variations]"
Add component (AddParameter): Name = "ComponentLink1Description"; Value = "Manufacturer URL"; VariantName = "[No Variations]"
Add component (AddParameter): Name = "ComponentLink1URL"; Value = "http://www.st.com/web/en/home.html"; VariantName = "[No Variations]"
Add component (AddParameter): Name = "ComponentLink2Description"; Value = "Datasheet"; VariantName = "[No Variations]"
Add component (AddParameter): Name = "ComponentLink2URL"; Value = "http://www.st.com/st-web-ui/static/active/en/resource/technical/document/datasheet/CD00161566.pdf"; VariantName = "[No Variations]"
Add component (AddParameter): Name = "ComponentLink3Description"; Value = "Package Specification"; VariantName = "[No Variations]"
Add component (AddParameter): Name = "ComponentLink3URL"; Value = "http://www.st.com/st-web-ui/static/active/en/resource/technical/document/datasheet/DM00058181.pdf"; VariantName = "[No Variations]"
Add component (AddParameter): Name = "Core"; Value = "ARM Cortex-M3"; VariantName = "[No Variations]"
Add component (AddParameter): Name = "DatasheetVersion"; Value = "Rev. 16"; VariantName = "[No Variations]"
Add component (AddParameter): Name = "FLASH Size (Prog) (kB)"; Value = "64"; VariantName = "[No Variations]"
Add component (AddParameter): Name = "I/Os (High Current)"; Value = "37"; VariantName = "[No Variations]"
Add component (AddParameter): Name = "Internal RAM Size (kB)"; Value = "20"; VariantName = "[No Variations]"
Add component (AddParameter): Name = "Mounting Technology"; Value = "Surface Mount"; VariantName = "[No Variations]"
Add component (AddParameter): Name = "Operating Frequency(F) (Processor speed) (MHz)"; Value = "72"; VariantName = "[No Variations]"
Add component (AddParameter): Name = "PackageDescription"; Value = "48-Pin Low Profile Quad Flat Package, 7 x 7 mm Body, 0.5 mm Pitch"; VariantName = "[No Variations]"
Add component (AddParameter): Name = "PackageReference"; Value = "LQFP48"; VariantName = "[No Variations]"
Add component (AddParameter): Name = "PackageVersion"; Value = "Rev. 6, 06/2013"; VariantName = "[No Variations]"
Add component (AddParameter): Name = "Packing"; Value = "Tray"; VariantName = "[No Variations]"
Add component (AddParameter): Name = "PartNumber"; Value = "STM32F103C8T6"; VariantName = "[No Variations]"
Add component (AddParameter): Name = "Supplier 1"; Value = "Digi-Key"; VariantName = "[No Variations]"
Add component (AddParameter): Name = "Supplier 2"; Value = "Farnell"; VariantName = "[No Variations]"
Add component (AddParameter): Name = "Supplier 3"; Value = "Newark"; VariantName = "[No Variations]"
Add component (AddParameter): Name = "Supplier 4"; Value = "Newark"; VariantName = "[No Variations]"
Add component (AddParameter): Name = "Supplier 5"; Value = "Mouser"; VariantName = "[No Variations]"
Add component (AddParameter): Name = "Supplier Part Number 1"; Value = "497-6063-ND"; VariantName = "[No Variations]"
Add component (AddParameter): Name = "Supplier Part Number 2"; Value = "1447637"; VariantName = "[No Variations]"
Add component (AddParameter): Name = "Supplier Part Number 3"; Value = "59M2182"; VariantName = "[No Variations]"
Add component (AddParameter): Name = "Supplier Part Number 4"; Value = "57P1222"; VariantName = "[No Variations]"
Add component (AddParameter): Name = "Supplier Part Number 5"; Value = "511-STM32F103C8T6"; VariantName = "[No Variations]"
Add component (AddParameter): Name = "Supply Voltage(Vcc) min (V)"; Value = "2"; VariantName = "[No Variations]"
Added Pin To Net: NetName=LCHECK_PC13 Pin=U1-2
Added Pin To Net: NetName=RST Pin=U1-7
Added Pin To Net: NetName=GND Pin=U1-8
Added Pin To Net: NetName=3V3 Pin=U1-9
Added Pin To Net: NetName=SS8-PA0 Pin=U1-10
Added Pin To Net: NetName=SS7-PA1 Pin=U1-11
Added Pin To Net: NetName=SS6-PA2 Pin=U1-12
Added Pin To Net: NetName=SS5-PA3 Pin=U1-13
Added Pin To Net: NetName=SS4-PA4 Pin=U1-14
Added Pin To Net: NetName=SS3-PA5 Pin=U1-15
Added Pin To Net: NetName=SS2-PA6 Pin=U1-16
Added Pin To Net: NetName=SS1-PA7 Pin=U1-17
Added Pin To Net: NetName=EN1-PB0 Pin=U1-18
Added Pin To Net: NetName=EN2-PB1 Pin=U1-19
Added Pin To Net: NetName=MODE-PB2 Pin=U1-20
Added Pin To Net: NetName=BUZZ-PB10 Pin=U1-21
Added Pin To Net: NetName=SELECT-PB11 Pin=U1-22
Added Pin To Net: NetName=GND Pin=U1-23
Added Pin To Net: NetName=3V3 Pin=U1-24
Added Pin To Net: NetName=L7A-PB12 Pin=U1-25
Added Pin To Net: NetName=L6B-PB13 Pin=U1-26
Added Pin To Net: NetName=L5C-PB14 Pin=U1-27
Added Pin To Net: NetName=L4D-PB15 Pin=U1-28
Added Pin To Net: NetName=L1F-PA8 Pin=U1-29
Added Pin To Net: NetName=L2G-PA9 Pin=U1-30
Added Pin To Net: NetName=L3E-PA10 Pin=U1-31
Added Pin To Net: NetName=ELED-PA11 Pin=U1-32
Added Pin To Net: NetName=ESEG-PA12 Pin=U1-33
Added Pin To Net: NetName=SWDIO Pin=U1-34
Added Pin To Net: NetName=GND Pin=U1-35
Added Pin To Net: NetName=3V3 Pin=U1-36
Added Pin To Net: NetName=SWCLK Pin=U1-37
Added Pin To Net: NetName=MA1-PA15 Pin=U1-38
Added Pin To Net: NetName=MA2-PB3 Pin=U1-39
Added Pin To Net: NetName=MB1-PB6 Pin=U1-42
Added Pin To Net: NetName=MB2-PB7 Pin=U1-43
Added Pin To Net: NetName=NetR4_2 Pin=U1-44
Added Pin To Net: NetName=SCL-PB8 Pin=U1-45
Added Pin To Net: NetName=SDA-PB9 Pin=U1-46
Added Pin To Net: NetName=GND Pin=U1-47
Added Pin To Net: NetName=3V3 Pin=U1-48
Added Member To Class: ClassName=STM32_LineFlow Member=Component U1 STM32F103C8T6
Added Room: Name=STM32_LineFlow
